kiran-Lenovo-Z50-70
*** Reading local file: /home/kiran/airflow/logs/dag_id=medicare_pipeline/run_id=manual__2022-09-25T07:02:51.840622+00:00/task_id=Drug_pay_medicine_merge/attempt=1.log
[2022-09-25T12:41:09.578+0530] {taskinstance.py:1171} INFO - Dependencies all met for <TaskInstance: medicare_pipeline.Drug_pay_medicine_merge manual__2022-09-25T07:02:51.840622+00:00 [queued]>
[2022-09-25T12:41:09.599+0530] {taskinstance.py:1171} INFO - Dependencies all met for <TaskInstance: medicare_pipeline.Drug_pay_medicine_merge manual__2022-09-25T07:02:51.840622+00:00 [queued]>
[2022-09-25T12:41:09.600+0530] {taskinstance.py:1368} INFO - 
--------------------------------------------------------------------------------
[2022-09-25T12:41:09.600+0530] {taskinstance.py:1369} INFO - Starting attempt 1 of 1
[2022-09-25T12:41:09.600+0530] {taskinstance.py:1370} INFO - 
--------------------------------------------------------------------------------
[2022-09-25T12:41:09.645+0530] {taskinstance.py:1389} INFO - Executing <Task(BashOperator): Drug_pay_medicine_merge> on 2022-09-25 07:02:51.840622+00:00
[2022-09-25T12:41:09.649+0530] {standard_task_runner.py:52} INFO - Started process 73745 to run task
[2022-09-25T12:41:09.653+0530] {standard_task_runner.py:79} INFO - Running: ['airflow', 'tasks', 'run', 'medicare_pipeline', 'Drug_pay_medicine_merge', 'manual__2022-09-25T07:02:51.840622+00:00', '--job-id', '190', '--raw', '--subdir', 'DAGS_FOLDER/medicare_pipeline.py', '--cfg-path', '/tmp/tmp65ugq_u0', '--error-file', '/tmp/tmpe6oz5it0']
[2022-09-25T12:41:09.656+0530] {standard_task_runner.py:80} INFO - Job 190: Subtask Drug_pay_medicine_merge
[2022-09-25T12:41:09.833+0530] {task_command.py:371} INFO - Running <TaskInstance: medicare_pipeline.Drug_pay_medicine_merge manual__2022-09-25T07:02:51.840622+00:00 [running]> on host kiran-Lenovo-Z50-70
[2022-09-25T12:41:10.102+0530] {taskinstance.py:1581} INFO - Exporting the following env vars:
AIRFLOW_CTX_DAG_OWNER=airflow
AIRFLOW_CTX_DAG_ID=medicare_pipeline
AIRFLOW_CTX_TASK_ID=Drug_pay_medicine_merge
AIRFLOW_CTX_EXECUTION_DATE=2022-09-25T07:02:51.840622+00:00
AIRFLOW_CTX_TRY_NUMBER=1
AIRFLOW_CTX_DAG_RUN_ID=manual__2022-09-25T07:02:51.840622+00:00
[2022-09-25T12:41:10.103+0530] {subprocess.py:62} INFO - Tmp dir root location: 
 /tmp
[2022-09-25T12:41:10.104+0530] {subprocess.py:74} INFO - Running command: ['/usr/bin/bash', '-c', '\n    source /home/kiran/project/venv/bin/activate;\n    cd //home/kiran/medicare/src_deploy\n    python3 final_merging.py;\n    ']
[2022-09-25T12:41:10.148+0530] {subprocess.py:85} INFO - Output:
[2022-09-25T12:41:13.049+0530] {subprocess.py:92} INFO - Sorted drug data loaded
[2022-09-25T12:41:13.052+0530] {subprocess.py:92} INFO - Sorted payment data loaded
[2022-09-25T12:41:13.053+0530] {subprocess.py:92} INFO - Sorted medicines data loaded
[2022-09-25T12:41:13.054+0530] {subprocess.py:92} INFO - Drug data and payment data joined
[2022-09-25T12:41:13.054+0530] {subprocess.py:92} INFO - Drug , payment and medicine join done
[2022-09-25T12:41:13.054+0530] {subprocess.py:92} INFO - Total columns in final data frame :  122
[2022-09-25T12:41:13.054+0530] {subprocess.py:92} INFO - Claim, supply and drug max-mean column added
[2022-09-25T12:41:13.055+0530] {subprocess.py:92} INFO - Processed data saved and ready for engineering
[2022-09-25T12:41:13.209+0530] {subprocess.py:96} INFO - Command exited with return code 0
[2022-09-25T12:41:13.305+0530] {taskinstance.py:1407} INFO - Marking task as SUCCESS. dag_id=medicare_pipeline, task_id=Drug_pay_medicine_merge, execution_date=20220925T070251, start_date=20220925T071109, end_date=20220925T071113
[2022-09-25T12:41:13.370+0530] {local_task_job.py:156} INFO - Task exited with return code 0
[2022-09-25T12:41:13.507+0530] {local_task_job.py:279} INFO - 1 downstream tasks scheduled from follow-on schedule check

