kiran-Lenovo-Z50-70
*** Reading local file: /home/kiran/airflow/logs/dag_id=medicare_pipeline/run_id=manual__2022-09-25T07:02:51.840622+00:00/task_id=Prediction_ops/attempt=1.log
[2022-09-25T12:41:23.094+0530] {taskinstance.py:1171} INFO - Dependencies all met for <TaskInstance: medicare_pipeline.Prediction_ops manual__2022-09-25T07:02:51.840622+00:00 [queued]>
[2022-09-25T12:41:23.145+0530] {taskinstance.py:1171} INFO - Dependencies all met for <TaskInstance: medicare_pipeline.Prediction_ops manual__2022-09-25T07:02:51.840622+00:00 [queued]>
[2022-09-25T12:41:23.146+0530] {taskinstance.py:1368} INFO - 
--------------------------------------------------------------------------------
[2022-09-25T12:41:23.146+0530] {taskinstance.py:1369} INFO - Starting attempt 1 of 1
[2022-09-25T12:41:23.146+0530] {taskinstance.py:1370} INFO - 
--------------------------------------------------------------------------------
[2022-09-25T12:41:23.611+0530] {taskinstance.py:1389} INFO - Executing <Task(BashOperator): Prediction_ops> on 2022-09-25 07:02:51.840622+00:00
[2022-09-25T12:41:23.623+0530] {standard_task_runner.py:52} INFO - Started process 73858 to run task
[2022-09-25T12:41:23.629+0530] {standard_task_runner.py:79} INFO - Running: ['airflow', 'tasks', 'run', 'medicare_pipeline', 'Prediction_ops', 'manual__2022-09-25T07:02:51.840622+00:00', '--job-id', '191', '--raw', '--subdir', 'DAGS_FOLDER/medicare_pipeline.py', '--cfg-path', '/tmp/tmpyyxtvfl6', '--error-file', '/tmp/tmp4elotrto']
[2022-09-25T12:41:23.632+0530] {standard_task_runner.py:80} INFO - Job 191: Subtask Prediction_ops
[2022-09-25T12:41:23.814+0530] {task_command.py:371} INFO - Running <TaskInstance: medicare_pipeline.Prediction_ops manual__2022-09-25T07:02:51.840622+00:00 [running]> on host kiran-Lenovo-Z50-70
[2022-09-25T12:41:24.017+0530] {taskinstance.py:1581} INFO - Exporting the following env vars:
AIRFLOW_CTX_DAG_OWNER=airflow
AIRFLOW_CTX_DAG_ID=medicare_pipeline
AIRFLOW_CTX_TASK_ID=Prediction_ops
AIRFLOW_CTX_EXECUTION_DATE=2022-09-25T07:02:51.840622+00:00
AIRFLOW_CTX_TRY_NUMBER=1
AIRFLOW_CTX_DAG_RUN_ID=manual__2022-09-25T07:02:51.840622+00:00
[2022-09-25T12:41:24.019+0530] {subprocess.py:62} INFO - Tmp dir root location: 
 /tmp
[2022-09-25T12:41:24.020+0530] {subprocess.py:74} INFO - Running command: ['/usr/bin/bash', '-c', '\n    source /home/kiran/project/venv/bin/activate;\n    cd //home/kiran/medicare/src_deploy\n    python3 Prediction_deployment.py;\n    ']
[2022-09-25T12:41:24.030+0530] {subprocess.py:85} INFO - Output:
[2022-09-25T12:41:34.389+0530] {subprocess.py:92} INFO - /home/kiran/project/venv/lib/python3.10/site-packages/sklearn/base.py:493: FutureWarning: The feature names should match those that were passed during fit. Starting version 1.2, an error will be raised.
[2022-09-25T12:41:34.390+0530] {subprocess.py:92} INFO - Feature names must be in the same order as they were in fit.
[2022-09-25T12:41:34.391+0530] {subprocess.py:92} INFO - 
[2022-09-25T12:41:34.391+0530] {subprocess.py:92} INFO -   warnings.warn(message, FutureWarning)
[2022-09-25T12:41:34.597+0530] {subprocess.py:92} INFO - Processed data loaded for prediction
[2022-09-25T12:41:34.599+0530] {subprocess.py:92} INFO - Features scaled by power transformer
[2022-09-25T12:41:34.600+0530] {subprocess.py:92} INFO - One hot encoding done
[2022-09-25T12:41:34.601+0530] {subprocess.py:92} INFO - Predictions done
[2022-09-25T12:41:34.601+0530] {subprocess.py:92} INFO - NPI of fraud practioner saved
[2022-09-25T12:41:35.304+0530] {subprocess.py:96} INFO - Command exited with return code 0
[2022-09-25T12:41:35.515+0530] {taskinstance.py:1407} INFO - Marking task as SUCCESS. dag_id=medicare_pipeline, task_id=Prediction_ops, execution_date=20220925T070251, start_date=20220925T071123, end_date=20220925T071135
[2022-09-25T12:41:35.586+0530] {local_task_job.py:156} INFO - Task exited with return code 0
[2022-09-25T12:41:35.675+0530] {local_task_job.py:279} INFO - 1 downstream tasks scheduled from follow-on schedule check

